[INFO ] 2023-01-09 10:11:20,438 [main | c.o.g.Config] Using 'jar:file:/opt/graphdb/dist/lib/graphdb-application-common-10.1.0.jar!/com/ontotext/graphdb/logback.xml' as logback's configuration file
[INFO ] 2023-01-09 10:11:21,487 [main | c.o.g.s.GraphDB] Starting GraphDB in workbench mode.
[INFO ] 2023-01-09 10:11:43,635 [main | c.o.g.Config] GraphDB Home directory: /opt/graphdb/home
[INFO ] 2023-01-09 10:11:43,636 [main | c.o.g.Config] GraphDB Config directory: /opt/graphdb/home/conf
[INFO ] 2023-01-09 10:11:43,636 [main | c.o.g.Config] GraphDB Data directory: /opt/graphdb/home/data
[INFO ] 2023-01-09 10:11:43,637 [main | c.o.g.Config] GraphDB Work directory: /opt/graphdb/home/work
[INFO ] 2023-01-09 10:11:43,637 [main | c.o.g.Config] GraphDB Logs directory: /opt/graphdb/home/logs
[INFO ] 2023-01-09 10:11:45,342 [main | c.o.g.r.s.SecurityUtil] Cluster gRPC server security is disabled
[INFO ] 2023-01-09 10:11:45,750 [main | c.o.f.c.s.r.GraphDBRpcServer] Started gRPC server on port 7300 successfully
[INFO ] 2023-01-09 10:11:48,639 [main | c.o.g.s.GraphDB] Started GraphDB in workbench mode at port 7200.
[INFO ] 2023-01-09 10:11:50,221 [http-nio-7200-exec-1 | o.e.r.h.s.r.TupleQueryResultView] Request for query 3392903 is finished
[INFO ] 2023-01-09 10:12:44,131 [Thread-3 | c.o.g.s.GraphDB] Stopping GraphDB.
[INFO ] 2023-01-09 10:13:12,791 [main | c.o.g.Config] Using 'jar:file:/opt/graphdb/dist/lib/graphdb-application-common-10.1.0.jar!/com/ontotext/graphdb/logback.xml' as logback's configuration file
[INFO ] 2023-01-09 10:13:14,040 [main | c.o.g.s.GraphDB] Starting GraphDB in workbench mode.
[INFO ] 2023-01-09 10:13:34,099 [main | c.o.g.Config] GraphDB Home directory: /opt/graphdb/home
[INFO ] 2023-01-09 10:13:34,099 [main | c.o.g.Config] GraphDB Config directory: /opt/graphdb/home/conf
[INFO ] 2023-01-09 10:13:34,100 [main | c.o.g.Config] GraphDB Data directory: /opt/graphdb/home/data
[INFO ] 2023-01-09 10:13:34,100 [main | c.o.g.Config] GraphDB Work directory: /opt/graphdb/home/work
[INFO ] 2023-01-09 10:13:34,101 [main | c.o.g.Config] GraphDB Logs directory: /opt/graphdb/home/logs
[INFO ] 2023-01-09 10:13:35,773 [main | c.o.g.r.s.SecurityUtil] Cluster gRPC server security is disabled
[INFO ] 2023-01-09 10:13:36,180 [main | c.o.f.c.s.r.GraphDBRpcServer] Started gRPC server on port 7300 successfully
[INFO ] 2023-01-09 10:13:38,713 [main | c.o.g.s.GraphDB] Started GraphDB in workbench mode at port 7200.
[INFO ] 2023-01-09 10:13:39,886 [http-nio-7200-exec-2 | o.e.r.h.s.r.TupleQueryResultView] Request for query 3392903 is finished
[WARN ] 2023-01-09 10:14:02,709 [http-nio-7200-exec-4 | c.o.g.s.TokenManager] Auth token hash mismatch.
[WARN ] 2023-01-09 10:14:02,717 [http-nio-7200-exec-8 | c.o.g.s.TokenManager] Auth token hash mismatch.
[WARN ] 2023-01-09 10:14:02,718 [http-nio-7200-exec-3 | c.o.g.s.TokenManager] Auth token hash mismatch.
[WARN ] 2023-01-09 10:14:02,921 [http-nio-7200-exec-5 | c.o.g.s.TokenManager] Auth token hash mismatch.
[INFO ] 2023-01-09 10:14:27,838 [repository-manager-0 | c.o.t.OwlimSchemaRepository] Version: 10.1, revision: -80609907
[INFO ] 2023-01-09 10:14:27,843 [repository-manager-0 | c.o.t.OwlimSchemaRepository] Build date: Tue Nov 01 19:03:25 GMT 2022
[INFO ] 2023-01-09 10:14:27,975 [repository-manager-0 | c.o.c.AbstractParameter] Configured parameter 'read-only' to default value 'false'
[INFO ] 2023-01-09 10:14:27,981 [repository-manager-0 | c.o.t.OwlimSchemaRepository] Started repository fdp in READ/WRITE mode.
[INFO ] 2023-01-09 10:14:27,986 [repository-manager-0 | c.o.c.AbstractParameter] Configured parameter 'imports' to default value ''
[INFO ] 2023-01-09 10:14:27,987 [repository-manager-0 | c.o.c.AbstractParameter] Configured parameter 'defaultNS' to default value ''
[INFO ] 2023-01-09 10:14:27,988 [repository-manager-0 | c.o.c.AbstractParameter] Configured parameter 'ruleset' to default value 'rdfsplus-optimized'
[INFO ] 2023-01-09 10:14:27,991 [repository-manager-0 | c.o.c.AbstractParameter] Configured parameter 'partialRDFS' to default value 'false'
[INFO ] 2023-01-09 10:14:28,003 [repository-manager-0 | c.o.c.AbstractParameter] Configured parameter 'enablePredicateList' to default value 'true'
[INFO ] 2023-01-09 10:14:28,004 [repository-manager-0 | c.o.c.AbstractParameter] Configured parameter 'check-for-inconsistencies' to default value 'false'
[INFO ] 2023-01-09 10:14:28,006 [repository-manager-0 | c.o.c.AbstractParameter] Configured parameter 'query-timeout' to default value '0'
[INFO ] 2023-01-09 10:14:28,007 [repository-manager-0 | c.o.c.AbstractParameter] Configured parameter 'disable-sameAs' to default value 'true'
[INFO ] 2023-01-09 10:14:28,019 [repository-manager-0 | c.o.c.AbstractParameter] Configured parameter 'throw-QueryEvaluationException-on-timeout' to default value 'false'
[INFO ] 2023-01-09 10:14:28,019 [repository-manager-0 | c.o.c.AbstractParameter] Configured parameter 'enable-literal-index' to default value 'true'
[INFO ] 2023-01-09 10:14:28,021 [repository-manager-0 | c.o.c.AbstractParameter] Configured parameter 'transaction-isolation' to default value 'true'
[INFO ] 2023-01-09 10:14:28,021 [repository-manager-0 | c.o.c.AbstractParameter] Configured parameter 'query-limit-results' to default value '0'
[INFO ] 2023-01-09 10:14:28,022 [repository-manager-0 | c.o.c.AbstractParameter] Configured parameter 'checkForValidPropertiesAndClasses' to default value 'false'
[INFO ] 2023-01-09 10:14:28,025 [repository-manager-0 | c.o.c.AbstractParameter] Configured parameter 'transaction-mode' to default value 'safe'
[INFO ] 2023-01-09 10:14:28,027 [repository-manager-0 | c.o.c.AbstractParameter] Configured parameter 'entity-id-size' to default value '32'
[INFO ] 2023-01-09 10:14:28,028 [repository-manager-0 | c.o.c.AbstractParameter] Configured parameter 'entity-pool-implementation' to default value 'transactional'
[INFO ] 2023-01-09 10:14:28,030 [repository-manager-0 | c.o.c.AbstractParameter] Configured parameter 'enable-context-index' to default value 'true'
[INFO ] 2023-01-09 10:14:28,040 [repository-manager-0 | c.o.c.AbstractParameter] Configured parameter 'useShutdownHooks' to default value 'true'
[INFO ] 2023-01-09 10:14:28,116 [repository-manager-0 | c.o.c.AbstractParameter] Configured parameter 'entity-index-size' to default value '9.5M'
[INFO ] 2023-01-09 10:14:28,140 [repository-manager-0 | c.o.GraphDBConfigParameters] Cache pages for tuples: 7829
[INFO ] 2023-01-09 10:14:28,143 [repository-manager-0 | c.o.GraphDBConfigParameters] Cache pages for predicates: 1118
[INFO ] 2023-01-09 10:14:28,144 [repository-manager-0 | c.o.c.AbstractParameter] Configured parameter 'in-memory-literal-properties' to default value 'true'
[INFO ] 2023-01-09 10:14:28,144 [repository-manager-0 | c.o.c.AbstractParameter] Configured parameter 'repository-type' to default value 'file-repository'
[INFO ] 2023-01-09 10:14:28,155 [repository-manager-0 | c.o.c.AbstractParameter] Configured parameter 'graphdb.global.page.cache' to default value 'true'
[INFO ] 2023-01-09 10:14:28,156 [repository-manager-0 | c.o.c.AbstractParameter] Configured parameter 'storage-folder' to default value 'storage'
[INFO ] 2023-01-09 10:14:28,403 [repository-manager-0 | c.o.c.AbstractParameter] Configured parameter 'graphdb.epool.onheap' to default value 'false'
[INFO ] 2023-01-09 10:14:28,404 [repository-manager-0 | c.o.t.e.EntityPoolFactory] Using entity pool implementation: transactional-disk
[INFO ] 2023-01-09 10:14:28,447 [repository-manager-0 | c.o.c.AbstractParameter] Configured parameter 'epool.connection.cache.size' to default value '2000'
[INFO ] 2023-01-09 10:14:28,513 [repository-manager-0 | c.o.c.AbstractParameter] Configured parameter 'graphdb.epool.onheap' to default value 'false'
[INFO ] 2023-01-09 10:14:28,938 [repository-manager-0 | c.o.t.e.i.m.PersistedHashMap] Restoring entity hash table...
[INFO ] 2023-01-09 10:14:29,319 [repository-manager-0 | c.o.t.e.i.m.PersistedHashMap] Restored 110 entities allocating 12.0 MB
[INFO ] 2023-01-09 10:14:29,331 [repository-manager-0 | c.o.t.e.i.m.PersistedHashMap] Done in 378 ms.
[INFO ] 2023-01-09 10:14:29,477 [repository-manager-0 | c.o.c.AbstractParameter] Configured parameter 'enable-pool-reversecache' to default value 'true'
[INFO ] 2023-01-09 10:14:29,507 [repository-manager-0 | c.o.c.AbstractParameter] Configured parameter 'allow-system-entities-as-data' to default value 'false'
[INFO ] 2023-01-09 10:14:29,511 [repository-manager-0 | c.o.t.u.l.LimitedObjectCacheFactory] Using LRU cache type: synch
[INFO ] 2023-01-09 10:14:29,545 [repository-manager-0 | c.o.c.AbstractParameter] Configured parameter 'cache-ratio-so-os-cso-cos' to default value '[50, 50, 50]'
[INFO ] 2023-01-09 10:14:29,643 [repository-manager-0 | c.o.c.AbstractParameter] Configured parameter 'graphdb.global.page.cache' to default value 'true'
[INFO ] 2023-01-09 10:14:29,646 [repository-manager-0 | c.o.c.AbstractParameter] Configured parameter 'graphdb.page.cache.size' to default value '992.0M'
[INFO ] 2023-01-09 10:14:30,157 [repository-manager-0 | c.o.c.AbstractParameter] Configured parameter 'virtual.repository.mode' to default value 'false'
[WARN ] 2023-01-09 10:14:30,343 [repository-manager-0 | c.o.t.OwlimSchemaRepository] Rule list configuration present, it will override all other rule sets parameters!
[INFO ] 2023-01-09 10:14:30,496 [repository-manager-0 | c.o.c.AbstractParameter] Configured parameter 'epool.journal.buffer.size' to default value '1024'
[INFO ] 2023-01-09 10:14:30,527 [repository-manager-0 | c.o.c.AbstractParameter] Configured parameter 'enable-debug-rules' to default value 'false'
[INFO ] 2023-01-09 10:14:30,570 [repository-manager-0 | c.o.t.InferencerFactory] ruleSet=rdfsplus-optimized, partialRdfs=false
[INFO ] 2023-01-09 10:14:30,623 [repository-manager-0 | c.o.c.AbstractParameter] Configured parameter 'filter.obj.only.hint' to default value 'true'
[INFO ] 2023-01-09 10:14:30,942 [repository-manager-0 | c.o.c.AbstractParameter] Configured parameter 'check.pred.stats' to default value 'false'
[INFO ] 2023-01-09 10:14:31,148 [repository-manager-0 | c.o.c.AbstractParameter] Configured parameter 'disable-plugins' to default value '[]'
[INFO ] 2023-01-09 10:14:31,153 [repository-manager-0 | c.o.c.AbstractParameter] Configured parameter 'skip-default-plugins' to default value 'false'
[INFO ] 2023-01-09 10:14:31,157 [repository-manager-0 | c.o.t.OwlimSchemaRepository] Searching for plugins available in the classpath...
[INFO ] 2023-01-09 10:14:31,301 [repository-manager-0 | c.o.t.s.i.PluginManager] Registering plugin direct
[INFO ] 2023-01-09 10:14:31,302 [repository-manager-0 | c.o.t.s.i.PluginManager] Registering plugin notifications
[INFO ] 2023-01-09 10:14:31,305 [repository-manager-0 | c.o.t.s.i.PluginManager] Registering plugin expose-entity
[INFO ] 2023-01-09 10:14:31,306 [repository-manager-0 | c.o.t.s.i.PluginManager] Registering plugin literals-index
[INFO ] 2023-01-09 10:14:31,307 [repository-manager-0 | c.o.t.s.i.PluginManager] Registering plugin script
[INFO ] 2023-01-09 10:14:31,309 [repository-manager-0 | c.o.t.s.i.PluginManager] Registering plugin utils
[INFO ] 2023-01-09 10:14:31,310 [repository-manager-0 | c.o.t.s.i.PluginManager] Registering plugin plugincontrol
[INFO ] 2023-01-09 10:14:31,312 [repository-manager-0 | c.o.t.s.i.PluginManager] Registering plugin magic-predicates
[INFO ] 2023-01-09 10:14:31,317 [repository-manager-0 | c.o.t.s.i.PluginManager] Registering plugin sparql-template
[INFO ] 2023-01-09 10:14:31,319 [repository-manager-0 | c.o.c.AbstractParameter] Configured parameter 'register-plugins' to default value '[]'
[INFO ] 2023-01-09 10:14:31,330 [repository-manager-0 | c.o.GraphDBConfigParameters] Reading external plugins from /opt/graphdb/dist/lib/plugins
[INFO ] 2023-01-09 10:14:31,333 [repository-manager-0 | c.o.c.AbstractParameter] Configured parameter 'register-external-plugins' to default value '[/opt/graphdb/dist/lib/plugins]'
[INFO ] 2023-01-09 10:14:31,334 [repository-manager-0 | c.o.t.OwlimSchemaRepository] Registering external plugins...
[INFO ] 2023-01-09 10:14:31,342 [repository-manager-0 | c.o.t.OwlimSchemaRepository] Scanning /opt/graphdb/dist/lib/plugins/notifications-logger-plugin for plugins
[INFO ] 2023-01-09 10:14:31,382 [repository-manager-0 | c.o.t.s.i.PluginManager] Registering plugin notifications-logger
[INFO ] 2023-01-09 10:14:31,385 [repository-manager-0 | c.o.t.OwlimSchemaRepository] Scanning /opt/graphdb/dist/lib/plugins/autocomplete-plugin for plugins
[INFO ] 2023-01-09 10:14:31,439 [repository-manager-0 | c.o.t.s.i.PluginManager] Registering plugin autocomplete
[INFO ] 2023-01-09 10:14:31,440 [repository-manager-0 | c.o.t.OwlimSchemaRepository] Scanning /opt/graphdb/dist/lib/plugins/similarity-plugin for plugins
[INFO ] 2023-01-09 10:14:31,556 [repository-manager-0 | c.o.t.s.i.PluginManager] Registering plugin similarity
[INFO ] 2023-01-09 10:14:31,561 [repository-manager-0 | c.o.t.OwlimSchemaRepository] Scanning /opt/graphdb/dist/lib/plugins/change-tracking-plugin for plugins
[INFO ] 2023-01-09 10:14:31,570 [repository-manager-0 | c.o.t.s.i.PluginManager] Registering plugin change-tracking
[INFO ] 2023-01-09 10:14:31,570 [repository-manager-0 | c.o.t.OwlimSchemaRepository] Scanning /opt/graphdb/dist/lib/plugins/sparql-mm for plugins
[INFO ] 2023-01-09 10:14:31,589 [repository-manager-0 | c.o.t.s.i.PluginManager] Registering plugin sparql-mm
[INFO ] 2023-01-09 10:14:31,591 [repository-manager-0 | c.o.t.OwlimSchemaRepository] Scanning /opt/graphdb/dist/lib/plugins/solr-connector for plugins
[INFO ] 2023-01-09 10:14:31,949 [repository-manager-0 | c.o.t.s.i.PluginManager] Registering plugin solr-connector
[INFO ] 2023-01-09 10:14:31,950 [repository-manager-0 | c.o.t.OwlimSchemaRepository] Scanning /opt/graphdb/dist/lib/plugins/kafka-connector for plugins
[INFO ] 2023-01-09 10:14:32,181 [repository-manager-0 | c.o.t.s.i.PluginManager] Registering plugin kafka-connector
[INFO ] 2023-01-09 10:14:32,184 [repository-manager-0 | c.o.t.OwlimSchemaRepository] Scanning /opt/graphdb/dist/lib/plugins/text-mining-plugin for plugins
[INFO ] 2023-01-09 10:14:32,297 [repository-manager-0 | c.o.t.s.i.PluginManager] Registering plugin text-mining
[INFO ] 2023-01-09 10:14:32,298 [repository-manager-0 | c.o.t.OwlimSchemaRepository] Scanning /opt/graphdb/dist/lib/plugins/dependencies-plugin for plugins
[INFO ] 2023-01-09 10:14:32,327 [repository-manager-0 | c.o.t.s.i.PluginManager] Registering plugin dependencies-plugin
[INFO ] 2023-01-09 10:14:32,328 [repository-manager-0 | c.o.t.OwlimSchemaRepository] Scanning /opt/graphdb/dist/lib/plugins/mongodb-plugin for plugins
[INFO ] 2023-01-09 10:14:32,388 [repository-manager-0 | c.o.t.s.i.PluginManager] Registering plugin mongodb
[INFO ] 2023-01-09 10:14:32,389 [repository-manager-0 | c.o.t.OwlimSchemaRepository] Scanning /opt/graphdb/dist/lib/plugins/history-plugin for plugins
[INFO ] 2023-01-09 10:14:32,455 [repository-manager-0 | c.o.t.s.i.PluginManager] Registering plugin history
[INFO ] 2023-01-09 10:14:32,462 [repository-manager-0 | c.o.t.OwlimSchemaRepository] Scanning /opt/graphdb/dist/lib/plugins/sequences-plugin for plugins
[INFO ] 2023-01-09 10:14:32,469 [repository-manager-0 | c.o.t.s.i.PluginManager] Registering plugin sequences
[INFO ] 2023-01-09 10:14:32,470 [repository-manager-0 | c.o.t.OwlimSchemaRepository] Scanning /opt/graphdb/dist/lib/plugins/elasticsearch-connector for plugins
[INFO ] 2023-01-09 10:14:32,957 [repository-manager-0 | c.o.t.s.i.PluginManager] Registering plugin elasticsearch-connector
[INFO ] 2023-01-09 10:14:32,959 [repository-manager-0 | c.o.t.OwlimSchemaRepository] Scanning /opt/graphdb/dist/lib/plugins/rdfrank-plugin for plugins
[INFO ] 2023-01-09 10:14:33,006 [repository-manager-0 | c.o.t.s.i.PluginManager] Registering plugin rdfrank
[INFO ] 2023-01-09 10:14:33,007 [repository-manager-0 | c.o.t.OwlimSchemaRepository] Scanning /opt/graphdb/dist/lib/plugins/proof-plugin for plugins
[INFO ] 2023-01-09 10:14:33,028 [repository-manager-0 | c.o.t.s.i.PluginManager] Registering plugin proof
[INFO ] 2023-01-09 10:14:33,030 [repository-manager-0 | c.o.t.OwlimSchemaRepository] Scanning /opt/graphdb/dist/lib/plugins/entity-change-connector for plugins
[INFO ] 2023-01-09 10:14:33,105 [repository-manager-0 | c.o.t.s.i.PluginManager] Registering plugin entity-change
[INFO ] 2023-01-09 10:14:33,111 [repository-manager-0 | c.o.t.OwlimSchemaRepository] Scanning /opt/graphdb/dist/lib/plugins/geosparql-plugin for plugins
[INFO ] 2023-01-09 10:14:33,355 [repository-manager-0 | c.o.t.s.i.PluginManager] Registering plugin GeoSPARQL
[INFO ] 2023-01-09 10:14:33,359 [repository-manager-0 | c.o.t.OwlimSchemaRepository] Scanning /opt/graphdb/dist/lib/plugins/tx-rollback-plugin for plugins
[INFO ] 2023-01-09 10:14:33,384 [repository-manager-0 | c.o.t.s.i.PluginManager] Registering plugin tx-rollback
[INFO ] 2023-01-09 10:14:33,385 [repository-manager-0 | c.o.t.OwlimSchemaRepository] Scanning /opt/graphdb/dist/lib/plugins/geospatial-plugin for plugins
[WARN ] 2023-01-09 10:14:34,031 [repository-manager-0 | o.e.r.q.a.e.f.FunctionRegistry] New service class com.ontotext.trree.query.functions.afn.old.Localname replaces existing service class org.eclipse.rdf4j.spin.function.Localname
[INFO ] 2023-01-09 10:14:34,041 [repository-manager-0 | c.o.t.p.g.FunctionLoader] Registered 1 functions from package com.ontotext.trree.plugin.geo.
[INFO ] 2023-01-09 10:14:34,042 [repository-manager-0 | c.o.t.s.i.PluginManager] Registering plugin geospatial
[INFO ] 2023-01-09 10:14:34,042 [repository-manager-0 | c.o.t.OwlimSchemaRepository] Scanning /opt/graphdb/dist/lib/plugins/lucene-connector for plugins
[INFO ] 2023-01-09 10:14:34,230 [repository-manager-0 | c.o.t.s.i.PluginManager] Registering plugin lucene-connector
[INFO ] 2023-01-09 10:14:34,232 [repository-manager-0 | c.o.t.s.i.PluginManager] Initializing plugins... (DEFAULT)
[INFO ] 2023-01-09 10:14:34,241 [repository-manager-0 | c.o.l.LicenseRegistry] License configuration: Embedded license
[INFO ] 2023-01-09 10:14:34,247 [repository-manager-0 | c.o.l.LicenseRegistry] License file: jar:file:/opt/graphdb/dist/lib/graphdb-runtime-10.1.0.jar!/GRAPHDB_LITE.license
[INFO ] 2023-01-09 10:14:34,251 [repository-manager-0 | c.o.l.LicenseRegistry] Product:                 GRAPHDB_LITE
[INFO ] 2023-01-09 10:14:34,254 [repository-manager-0 | c.o.l.LicenseRegistry] Capabilities:            [LUCENE_CONNECTOR]
[INFO ] 2023-01-09 10:14:34,254 [repository-manager-0 | c.o.l.LicenseRegistry] Usage restriction:       null
[INFO ] 2023-01-09 10:14:34,255 [repository-manager-0 | c.o.l.LicenseRegistry] Licensee:                Freeware
[INFO ] 2023-01-09 10:14:34,255 [repository-manager-0 | c.o.l.LicenseRegistry] Permitted use:           THE SOFTWARE IS PROVIDED "AS IS", WITHOUT WARRANTY OF ANY KIND, EXPRESS OR IMPLIED, INCLUDING BUT NOT LIMITED TO THE WARRANTIES OF MERCHANTABILITY, FITNESS FOR A PARTICULAR PURPOSE AND NONINFRINGEMENT. IN NO EVENT SHALL THE AUTHORS OR COPYRIGHT HOLDERS BE LIABLE FOR ANY CLAIM, DAMAGES OR OTHER LIABILITY, WHETHER IN AN ACTION OF CONTRACT, TORT OR OTHERWISE, ARISING FROM, OUT OF OR IN CONNECTION WITH THE SOFTWARE OR THE USE OR OTHER DEALINGS IN THE SOFTWARE.
[INFO ] 2023-01-09 10:14:34,256 [repository-manager-0 | c.o.l.LicenseRegistry] Version:                 10.1
[INFO ] 2023-01-09 10:14:34,256 [repository-manager-0 | c.o.l.LicenseRegistry] Expiry date:             none
[INFO ] 2023-01-09 10:14:34,256 [repository-manager-0 | c.o.l.LicenseRegistry] Latest publication date: none
[INFO ] 2023-01-09 10:14:34,256 [repository-manager-0 | c.o.l.LicenseRegistry] Max CPU cores:           1
[INFO ] 2023-01-09 10:14:34,258 [repository-manager-0 | c.o.c.AbstractParameter] Configured parameter 'nonInterpretablePredicates' to default value 'null'
[INFO ] 2023-01-09 10:14:34,305 [repository-manager-0 | c.o.t.s.i.PluginManager] Initializing plugin 'GeoSPARQL'
[INFO ] 2023-01-09 10:14:37,767 [repository-manager-0 | c.o.t.g.FunctionLoader] Registered 50 functions from package com.useekm.geosparql.
[INFO ] 2023-01-09 10:14:37,772 [repository-manager-0 | c.o.t.s.i.PluginManager] Initializing plugin 'autocomplete'
[INFO ] 2023-01-09 10:14:37,779 [repository-manager-0 | c.o.t.p.a.AutocompletePluginUtils] >>>>>>>> AutocompletePlugin: No configuration file found at /opt/graphdb/home/data/repositories/fdp/storage/autocomplete/v2/config.properties. Assuming default options for plugin.
[INFO ] 2023-01-09 10:14:37,807 [repository-manager-0 | c.o.t.s.i.PluginManager] Initializing plugin 'change-tracking'
[INFO ] 2023-01-09 10:14:37,873 [repository-manager-0 | c.o.t.s.i.PluginManager] Initializing plugin 'dependencies-plugin'
[INFO ] 2023-01-09 10:14:37,880 [repository-manager-0 | c.o.t.s.i.PluginManager] Initializing plugin 'direct'
[INFO ] 2023-01-09 10:14:37,882 [repository-manager-0 | c.o.t.s.i.PluginManager] Initializing plugin 'elasticsearch-connector'
[INFO ] 2023-01-09 10:14:37,945 [repository-manager-0 | c.o.t.s.i.PluginManager] Initializing plugin 'entity-change'
[INFO ] 2023-01-09 10:14:37,984 [repository-manager-0 | c.o.t.s.i.PluginManager] Initializing plugin 'expose-entity'
[INFO ] 2023-01-09 10:14:37,986 [repository-manager-0 | c.o.t.s.i.PluginManager] Initializing plugin 'geospatial'
[INFO ] 2023-01-09 10:14:37,990 [repository-manager-0 | c.o.t.p.g.GeoSpatialPlugin] Plugin:geospatial initialized
[INFO ] 2023-01-09 10:14:37,990 [repository-manager-0 | c.o.t.s.i.PluginManager] Initializing plugin 'history'
[INFO ] 2023-01-09 10:14:38,029 [repository-manager-0 | c.o.t.s.i.PluginManager] Initializing plugin 'kafka-connector'
[INFO ] 2023-01-09 10:14:38,083 [repository-manager-0 | c.o.t.s.i.PluginManager] Initializing plugin 'literals-index'
[INFO ] 2023-01-09 10:14:38,110 [repository-manager-0 | c.o.c.AbstractParameter] Configured parameter 'enable-fts-index' to default value 'false'
[INFO ] 2023-01-09 10:14:38,111 [repository-manager-0 | c.o.p.literals-index] Full-text search functionality is disabled
[INFO ] 2023-01-09 10:14:38,143 [repository-manager-0 | c.o.p.literals-index] Literals indices restored.
[INFO ] 2023-01-09 10:14:38,144 [repository-manager-0 | c.o.t.s.i.PluginManager] Initializing plugin 'lucene-connector'
[INFO ] 2023-01-09 10:14:38,177 [repository-manager-0 | c.o.t.s.i.PluginManager] Initializing plugin 'magic-predicates'
[INFO ] 2023-01-09 10:14:38,186 [repository-manager-0 | c.o.t.s.i.PluginManager] Initializing plugin 'mongodb'
[INFO ] 2023-01-09 10:14:38,188 [repository-manager-0 | c.o.t.s.i.PluginManager] Initializing plugin 'notifications'
[INFO ] 2023-01-09 10:14:38,192 [repository-manager-0 | c.o.t.s.i.PluginManager] Initializing plugin 'notifications-logger'
[INFO ] 2023-01-09 10:14:38,193 [repository-manager-0 | c.o.t.s.i.PluginManager] Initializing plugin 'plugincontrol'
[INFO ] 2023-01-09 10:14:38,194 [repository-manager-0 | c.o.t.p.p.PluginControlPlugin] Plugin:plugincontrol initialized
[INFO ] 2023-01-09 10:14:38,195 [repository-manager-0 | c.o.t.s.i.PluginManager] Initializing plugin 'proof'
[INFO ] 2023-01-09 10:14:38,196 [repository-manager-0 | c.o.t.s.i.PluginManager] Initializing plugin 'rdfrank'
[INFO ] 2023-01-09 10:14:38,214 [repository-manager-0 | c.o.t.s.i.PluginManager] Initializing plugin 'script'
[INFO ] 2023-01-09 10:14:38,215 [repository-manager-0 | c.o.t.s.i.PluginManager] Initializing plugin 'sequences'
[INFO ] 2023-01-09 10:14:38,216 [repository-manager-0 | c.o.t.s.i.PluginManager] Initializing plugin 'similarity'
[INFO ] 2023-01-09 10:14:39,579 [repository-manager-0 | c.o.t.s.i.PluginManager] Initializing plugin 'solr-connector'
[INFO ] 2023-01-09 10:14:39,600 [repository-manager-0 | c.o.t.s.i.PluginManager] Initializing plugin 'sparql-mm'
[INFO ] 2023-01-09 10:14:39,729 [repository-manager-0 | c.o.g.s.FunctionLoader] Registered 58 functions from package com.github.tkurz.sparqlmm.function.
[INFO ] 2023-01-09 10:14:39,735 [repository-manager-0 | c.o.t.s.i.PluginManager] Initializing plugin 'sparql-template'
[INFO ] 2023-01-09 10:14:39,736 [repository-manager-0 | c.o.t.s.i.PluginManager] Initializing plugin 'text-mining'
[INFO ] 2023-01-09 10:14:39,740 [repository-manager-0 | c.o.t.s.i.PluginManager] Initializing plugin 'tx-rollback'
[INFO ] 2023-01-09 10:14:39,741 [repository-manager-0 | c.o.t.s.i.PluginManager] Initializing plugin 'utils'
[INFO ] 2023-01-09 10:14:40,784 [repository-manager-0 | c.o.t.s.i.PluginManager] Finished initializing plugins
[INFO ] 2023-01-09 10:14:40,792 [repository-manager-0 | c.o.c.AbstractParameter] Configured parameter 'graphdb.page.cache.size' to default value '992.0M'
[INFO ] 2023-01-09 10:14:40,966 [repository-manager-0 | c.o.c.AbstractParameter] Configured parameter 'do.resolve.entities' to default value 'true'
[INFO ] 2023-01-09 10:14:40,967 [repository-manager-0 | c.o.c.AbstractParameter] Configured parameter 'do.load.data' to default value 'true'
[INFO ] 2023-01-09 10:14:40,967 [repository-manager-0 | c.o.r.p.ParallelLoader] Data will be parsed + resolved + loaded.
[INFO ] 2023-01-09 10:14:40,968 [repository-manager-0 | c.o.c.AbstractParameter] Configured parameter 'graphdb.persistent.parallel.inferencers' to default value 'false'
[INFO ] 2023-01-09 10:14:41,175 [repository-manager-0 | c.o.r.p.ParallelLoader] Using 1 threads for inference
[INFO ] 2023-01-09 10:14:41,698 [repositories/fdp | c.o.c.AbstractParameter] Configured parameter 'custom.validation.queries.file' to default value 'null'
[INFO ] 2023-01-09 10:14:43,879 [repositories/fdp | c.o.g.s.h.GraphDBQueryResultHandler] POST query 2019807964
[INFO ] 2023-01-09 10:14:44,471 [repositories/fdp | c.o.c.AbstractParameter] Configured parameter 'deduplicate.construct' to default value 'true'
[WARN ] 2023-01-09 10:14:44,495 [repositories/fdp | o.e.r.q.a.e.f.TupleFunctionRegistry] New service class com.ontotext.trree.query.functions.apf.old.StrSplitOld replaces existing service class org.eclipse.rdf4j.spin.function.apf.StrSplit
[WARN ] 2023-01-09 10:14:44,496 [repositories/fdp | o.e.r.q.a.e.f.TupleFunctionRegistry] New service class com.ontotext.trree.query.functions.apf.old.ConcatOld replaces existing service class org.eclipse.rdf4j.spin.function.apf.ConcatTupleFunction
[WARN ] 2023-01-09 10:14:44,498 [repositories/fdp | o.e.r.q.a.e.f.TupleFunctionRegistry] New service class com.ontotext.trree.query.functions.list.old.IndexOld replaces existing service class org.eclipse.rdf4j.spin.function.list.Index
[WARN ] 2023-01-09 10:14:44,499 [repositories/fdp | o.e.r.q.a.e.f.TupleFunctionRegistry] New service class com.ontotext.trree.query.functions.list.old.LengthOld replaces existing service class org.eclipse.rdf4j.spin.function.list.Length
[WARN ] 2023-01-09 10:14:44,500 [repositories/fdp | o.e.r.q.a.e.f.TupleFunctionRegistry] New service class com.ontotext.trree.query.functions.list.old.MemberOld replaces existing service class org.eclipse.rdf4j.spin.function.list.Member
[INFO ] 2023-01-09 10:14:44,542 [repositories/fdp | c.o.c.AbstractParameter] Configured parameter 'reuse.vars.in.subselects' to default value 'true'
[INFO ] 2023-01-09 10:14:44,569 [repositories/fdp | c.o.c.AbstractParameter] Configured parameter 'in-clause-max-members' to default value '16'
[INFO ] 2023-01-09 10:14:44,569 [repositories/fdp | c.o.c.AbstractParameter] Configured parameter 'query.convert.values.clause' to default value 'true'
[INFO ] 2023-01-09 10:14:44,597 [repositories/fdp | c.o.c.AbstractParameter] Configured parameter 'merge.join' to default value 'false'
[INFO ] 2023-01-09 10:14:44,660 [repositories/fdp | c.o.g.s.TupleQueryResultView] Request for query 2019807964 is finished
