[INFO ] 2022-12-12 08:35:51,647 [main | c.o.g.Config] Using 'jar:file:/opt/graphdb/dist/lib/graphdb-application-common-10.1.2.jar!/com/ontotext/graphdb/logback.xml' as logback's configuration file
[INFO ] 2022-12-12 08:35:53,367 [main | c.o.g.s.GraphDB] Starting GraphDB in workbench mode.
[INFO ] 2022-12-12 08:36:23,848 [main | c.o.g.Config] GraphDB Home directory: /opt/graphdb/home
[INFO ] 2022-12-12 08:36:23,850 [main | c.o.g.Config] GraphDB Config directory: /opt/graphdb/home/conf
[INFO ] 2022-12-12 08:36:23,851 [main | c.o.g.Config] GraphDB Data directory: /opt/graphdb/home/data
[INFO ] 2022-12-12 08:36:23,853 [main | c.o.g.Config] GraphDB Work directory: /opt/graphdb/home/work
[INFO ] 2022-12-12 08:36:23,854 [main | c.o.g.Config] GraphDB Logs directory: /opt/graphdb/home/logs
[INFO ] 2022-12-12 08:36:25,140 [main | c.o.g.r.s.SecurityUtil] Cluster gRPC server security is disabled
[INFO ] 2022-12-12 08:36:26,011 [main | c.o.f.c.s.r.GraphDBRpcServer] Started gRPC server on port 7300 successfully
[INFO ] 2022-12-12 08:36:35,129 [main | c.o.g.s.GraphDB] Started GraphDB in workbench mode at port 7200.
[INFO ] 2022-12-12 08:39:45,238 [http-nio-7200-exec-9 | o.e.r.h.s.r.TupleQueryResultView] Request for query 3392903 is finished
[INFO ] 2022-12-12 08:39:52,540 [repository-manager-0 | c.o.t.OwlimSchemaRepository] Version: 10.1, revision: 1742618036
[INFO ] 2022-12-12 08:39:52,541 [repository-manager-0 | c.o.t.OwlimSchemaRepository] Build date: Tue Dec 06 17:12:22 GMT 2022
[INFO ] 2022-12-12 08:39:52,574 [repository-manager-0 | c.o.c.AbstractParameter] Configured parameter 'read-only' to default value 'false'
[INFO ] 2022-12-12 08:39:52,575 [repository-manager-0 | c.o.t.OwlimSchemaRepository] Started repository fdp in READ/WRITE mode.
[INFO ] 2022-12-12 08:39:52,576 [repository-manager-0 | c.o.c.AbstractParameter] Configured parameter 'imports' to default value ''
[INFO ] 2022-12-12 08:39:52,577 [repository-manager-0 | c.o.c.AbstractParameter] Configured parameter 'defaultNS' to default value ''
[INFO ] 2022-12-12 08:39:52,577 [repository-manager-0 | c.o.c.AbstractParameter] Configured parameter 'ruleset' to default value 'rdfsplus-optimized'
[INFO ] 2022-12-12 08:39:52,578 [repository-manager-0 | c.o.c.AbstractParameter] Configured parameter 'partialRDFS' to default value 'false'
[INFO ] 2022-12-12 08:39:52,579 [repository-manager-0 | c.o.c.AbstractParameter] Configured parameter 'enablePredicateList' to default value 'true'
[INFO ] 2022-12-12 08:39:52,580 [repository-manager-0 | c.o.c.AbstractParameter] Configured parameter 'check-for-inconsistencies' to default value 'false'
[INFO ] 2022-12-12 08:39:52,581 [repository-manager-0 | c.o.c.AbstractParameter] Configured parameter 'query-timeout' to default value '0'
[INFO ] 2022-12-12 08:39:52,582 [repository-manager-0 | c.o.c.AbstractParameter] Configured parameter 'disable-sameAs' to default value 'true'
[INFO ] 2022-12-12 08:39:52,582 [repository-manager-0 | c.o.c.AbstractParameter] Configured parameter 'throw-QueryEvaluationException-on-timeout' to default value 'false'
[INFO ] 2022-12-12 08:39:52,583 [repository-manager-0 | c.o.c.AbstractParameter] Configured parameter 'enable-literal-index' to default value 'true'
[INFO ] 2022-12-12 08:39:52,584 [repository-manager-0 | c.o.c.AbstractParameter] Configured parameter 'transaction-isolation' to default value 'true'
[INFO ] 2022-12-12 08:39:52,584 [repository-manager-0 | c.o.c.AbstractParameter] Configured parameter 'query-limit-results' to default value '0'
[INFO ] 2022-12-12 08:39:52,585 [repository-manager-0 | c.o.c.AbstractParameter] Configured parameter 'checkForValidPropertiesAndClasses' to default value 'false'
[INFO ] 2022-12-12 08:39:52,586 [repository-manager-0 | c.o.c.AbstractParameter] Configured parameter 'transaction-mode' to default value 'safe'
[INFO ] 2022-12-12 08:39:52,588 [repository-manager-0 | c.o.c.AbstractParameter] Configured parameter 'entity-id-size' to default value '32'
[INFO ] 2022-12-12 08:39:52,589 [repository-manager-0 | c.o.c.AbstractParameter] Configured parameter 'entity-pool-implementation' to default value 'transactional'
[INFO ] 2022-12-12 08:39:52,590 [repository-manager-0 | c.o.c.AbstractParameter] Configured parameter 'enable-context-index' to default value 'true'
[INFO ] 2022-12-12 08:39:52,590 [repository-manager-0 | c.o.c.AbstractParameter] Configured parameter 'useShutdownHooks' to default value 'true'
[INFO ] 2022-12-12 08:39:52,605 [repository-manager-0 | c.o.c.AbstractParameter] Configured parameter 'entity-index-size' to default value '9.5M'
[INFO ] 2022-12-12 08:39:52,607 [repository-manager-0 | c.o.GraphDBConfigParameters] Cache pages for tuples: 7829
[INFO ] 2022-12-12 08:39:52,608 [repository-manager-0 | c.o.GraphDBConfigParameters] Cache pages for predicates: 1118
[INFO ] 2022-12-12 08:39:52,609 [repository-manager-0 | c.o.c.AbstractParameter] Configured parameter 'in-memory-literal-properties' to default value 'true'
[INFO ] 2022-12-12 08:39:52,610 [repository-manager-0 | c.o.c.AbstractParameter] Configured parameter 'repository-type' to default value 'file-repository'
[INFO ] 2022-12-12 08:39:52,612 [repository-manager-0 | c.o.c.AbstractParameter] Configured parameter 'graphdb.global.page.cache' to default value 'true'
[INFO ] 2022-12-12 08:39:52,613 [repository-manager-0 | c.o.c.AbstractParameter] Configured parameter 'storage-folder' to default value 'storage'
[INFO ] 2022-12-12 08:39:52,615 [repository-manager-0 | c.o.t.OwlimSchemaRepository] Storage folder do not exists and is created: /opt/graphdb/home/data/repositories/fdp/storage
[INFO ] 2022-12-12 08:39:52,655 [repository-manager-0 | c.o.c.AbstractParameter] Configured parameter 'graphdb.epool.onheap' to default value 'false'
[INFO ] 2022-12-12 08:39:52,656 [repository-manager-0 | c.o.t.e.EntityPoolFactory] Using entity pool implementation: transactional-disk
[INFO ] 2022-12-12 08:39:52,663 [repository-manager-0 | c.o.c.AbstractParameter] Configured parameter 'epool.connection.cache.size' to default value '2000'
[INFO ] 2022-12-12 08:39:52,682 [repository-manager-0 | c.o.c.AbstractParameter] Configured parameter 'graphdb.epool.onheap' to default value 'false'
[INFO ] 2022-12-12 08:39:53,336 [repository-manager-0 | c.o.c.AbstractParameter] Configured parameter 'enable-pool-reversecache' to default value 'true'
[INFO ] 2022-12-12 08:39:54,143 [repository-manager-0 | c.o.c.AbstractParameter] Configured parameter 'allow-system-entities-as-data' to default value 'false'
[INFO ] 2022-12-12 08:39:54,148 [repository-manager-0 | c.o.t.u.l.LimitedObjectCacheFactory] Using LRU cache type: synch
[INFO ] 2022-12-12 08:39:54,165 [repository-manager-0 | c.o.c.AbstractParameter] Configured parameter 'cache-ratio-so-os-cso-cos' to default value '[50, 50, 50]'
[INFO ] 2022-12-12 08:39:54,274 [repository-manager-0 | c.o.c.AbstractParameter] Configured parameter 'graphdb.global.page.cache' to default value 'true'
[INFO ] 2022-12-12 08:39:54,278 [repository-manager-0 | c.o.c.AbstractParameter] Configured parameter 'graphdb.page.cache.size' to default value '992.0M'
[INFO ] 2022-12-12 08:39:54,705 [repository-manager-0 | c.o.c.AbstractParameter] Configured parameter 'virtual.repository.mode' to default value 'false'
[INFO ] 2022-12-12 08:39:54,846 [repository-manager-0 | c.o.c.AbstractParameter] Configured parameter 'enable-debug-rules' to default value 'false'
[INFO ] 2022-12-12 08:39:54,880 [repository-manager-0 | c.o.t.InferencerFactory] ruleSet=rdfsplus-optimized, partialRdfs=false
[INFO ] 2022-12-12 08:39:54,908 [repository-manager-0 | c.o.c.AbstractParameter] Configured parameter 'filter.obj.only.hint' to default value 'true'
[INFO ] 2022-12-12 08:39:55,087 [repository-manager-0 | c.o.c.AbstractParameter] Configured parameter 'epool.journal.buffer.size' to default value '1024'
[INFO ] 2022-12-12 08:39:55,739 [repository-manager-0 | c.o.c.AbstractParameter] Configured parameter 'check.pred.stats' to default value 'false'
[INFO ] 2022-12-12 08:39:56,012 [repository-manager-0 | c.o.c.AbstractParameter] Configured parameter 'disable-plugins' to default value '[]'
[INFO ] 2022-12-12 08:39:56,014 [repository-manager-0 | c.o.c.AbstractParameter] Configured parameter 'skip-default-plugins' to default value 'false'
[INFO ] 2022-12-12 08:39:56,014 [repository-manager-0 | c.o.t.OwlimSchemaRepository] Searching for plugins available in the classpath...
[INFO ] 2022-12-12 08:39:56,097 [repository-manager-0 | c.o.t.s.i.PluginManager] Registering plugin direct
[INFO ] 2022-12-12 08:39:56,098 [repository-manager-0 | c.o.t.s.i.PluginManager] Registering plugin notifications
[INFO ] 2022-12-12 08:39:56,100 [repository-manager-0 | c.o.t.s.i.PluginManager] Registering plugin expose-entity
[INFO ] 2022-12-12 08:39:56,103 [repository-manager-0 | c.o.t.s.i.PluginManager] Registering plugin literals-index
[INFO ] 2022-12-12 08:39:56,106 [repository-manager-0 | c.o.t.s.i.PluginManager] Registering plugin script
[INFO ] 2022-12-12 08:39:56,108 [repository-manager-0 | c.o.t.s.i.PluginManager] Registering plugin utils
[INFO ] 2022-12-12 08:39:56,109 [repository-manager-0 | c.o.t.s.i.PluginManager] Registering plugin plugincontrol
[INFO ] 2022-12-12 08:39:56,109 [repository-manager-0 | c.o.t.s.i.PluginManager] Registering plugin magic-predicates
[INFO ] 2022-12-12 08:39:56,110 [repository-manager-0 | c.o.t.s.i.PluginManager] Registering plugin sparql-template
[INFO ] 2022-12-12 08:39:56,110 [repository-manager-0 | c.o.c.AbstractParameter] Configured parameter 'register-plugins' to default value '[]'
[INFO ] 2022-12-12 08:39:56,115 [repository-manager-0 | c.o.GraphDBConfigParameters] Reading external plugins from /opt/graphdb/dist/lib/plugins
[INFO ] 2022-12-12 08:39:56,120 [repository-manager-0 | c.o.c.AbstractParameter] Configured parameter 'register-external-plugins' to default value '[/opt/graphdb/dist/lib/plugins]'
[INFO ] 2022-12-12 08:39:56,121 [repository-manager-0 | c.o.t.OwlimSchemaRepository] Registering external plugins...
[INFO ] 2022-12-12 08:39:56,124 [repository-manager-0 | c.o.t.OwlimSchemaRepository] Scanning /opt/graphdb/dist/lib/plugins/notifications-logger-plugin for plugins
[INFO ] 2022-12-12 08:39:56,139 [repository-manager-0 | c.o.t.s.i.PluginManager] Registering plugin notifications-logger
[INFO ] 2022-12-12 08:39:56,140 [repository-manager-0 | c.o.t.OwlimSchemaRepository] Scanning /opt/graphdb/dist/lib/plugins/autocomplete-plugin for plugins
[INFO ] 2022-12-12 08:39:56,163 [repository-manager-0 | c.o.t.s.i.PluginManager] Registering plugin autocomplete
[INFO ] 2022-12-12 08:39:56,164 [repository-manager-0 | c.o.t.OwlimSchemaRepository] Scanning /opt/graphdb/dist/lib/plugins/similarity-plugin for plugins
[INFO ] 2022-12-12 08:39:56,261 [repository-manager-0 | c.o.t.s.i.PluginManager] Registering plugin similarity
[INFO ] 2022-12-12 08:39:56,261 [repository-manager-0 | c.o.t.OwlimSchemaRepository] Scanning /opt/graphdb/dist/lib/plugins/change-tracking-plugin for plugins
[INFO ] 2022-12-12 08:39:56,268 [repository-manager-0 | c.o.t.s.i.PluginManager] Registering plugin change-tracking
[INFO ] 2022-12-12 08:39:56,269 [repository-manager-0 | c.o.t.OwlimSchemaRepository] Scanning /opt/graphdb/dist/lib/plugins/sparql-mm for plugins
[INFO ] 2022-12-12 08:39:56,278 [repository-manager-0 | c.o.t.s.i.PluginManager] Registering plugin sparql-mm
[INFO ] 2022-12-12 08:39:56,278 [repository-manager-0 | c.o.t.OwlimSchemaRepository] Scanning /opt/graphdb/dist/lib/plugins/solr-connector for plugins
[INFO ] 2022-12-12 08:39:56,423 [repository-manager-0 | c.o.t.s.i.PluginManager] Registering plugin solr-connector
[INFO ] 2022-12-12 08:39:56,423 [repository-manager-0 | c.o.t.OwlimSchemaRepository] Scanning /opt/graphdb/dist/lib/plugins/kafka-connector for plugins
[INFO ] 2022-12-12 08:39:56,501 [repository-manager-0 | c.o.t.s.i.PluginManager] Registering plugin kafka-connector
[INFO ] 2022-12-12 08:39:56,502 [repository-manager-0 | c.o.t.OwlimSchemaRepository] Scanning /opt/graphdb/dist/lib/plugins/text-mining-plugin for plugins
[INFO ] 2022-12-12 08:39:56,524 [repository-manager-0 | c.o.t.s.i.PluginManager] Registering plugin text-mining
[INFO ] 2022-12-12 08:39:56,525 [repository-manager-0 | c.o.t.OwlimSchemaRepository] Scanning /opt/graphdb/dist/lib/plugins/dependencies-plugin for plugins
[INFO ] 2022-12-12 08:39:56,537 [repository-manager-0 | c.o.t.s.i.PluginManager] Registering plugin dependencies-plugin
[INFO ] 2022-12-12 08:39:56,538 [repository-manager-0 | c.o.t.OwlimSchemaRepository] Scanning /opt/graphdb/dist/lib/plugins/mongodb-plugin for plugins
[INFO ] 2022-12-12 08:39:56,556 [repository-manager-0 | c.o.t.s.i.PluginManager] Registering plugin mongodb
[INFO ] 2022-12-12 08:39:56,557 [repository-manager-0 | c.o.t.OwlimSchemaRepository] Scanning /opt/graphdb/dist/lib/plugins/history-plugin for plugins
[INFO ] 2022-12-12 08:39:56,572 [repository-manager-0 | c.o.t.s.i.PluginManager] Registering plugin history
[INFO ] 2022-12-12 08:39:56,572 [repository-manager-0 | c.o.t.OwlimSchemaRepository] Scanning /opt/graphdb/dist/lib/plugins/sequences-plugin for plugins
[INFO ] 2022-12-12 08:39:56,587 [repository-manager-0 | c.o.t.s.i.PluginManager] Registering plugin sequences
[INFO ] 2022-12-12 08:39:56,587 [repository-manager-0 | c.o.t.OwlimSchemaRepository] Scanning /opt/graphdb/dist/lib/plugins/elasticsearch-connector for plugins
[INFO ] 2022-12-12 08:39:56,716 [repository-manager-0 | c.o.t.s.i.PluginManager] Registering plugin elasticsearch-connector
[INFO ] 2022-12-12 08:39:56,716 [repository-manager-0 | c.o.t.OwlimSchemaRepository] Scanning /opt/graphdb/dist/lib/plugins/rdfrank-plugin for plugins
[INFO ] 2022-12-12 08:39:56,735 [repository-manager-0 | c.o.t.s.i.PluginManager] Registering plugin rdfrank
[INFO ] 2022-12-12 08:39:56,736 [repository-manager-0 | c.o.t.OwlimSchemaRepository] Scanning /opt/graphdb/dist/lib/plugins/proof-plugin for plugins
[INFO ] 2022-12-12 08:39:56,749 [repository-manager-0 | c.o.t.s.i.PluginManager] Registering plugin proof
[INFO ] 2022-12-12 08:39:56,750 [repository-manager-0 | c.o.t.OwlimSchemaRepository] Scanning /opt/graphdb/dist/lib/plugins/entity-change-connector for plugins
[INFO ] 2022-12-12 08:39:56,817 [repository-manager-0 | c.o.t.s.i.PluginManager] Registering plugin entity-change
[INFO ] 2022-12-12 08:39:56,817 [repository-manager-0 | c.o.t.OwlimSchemaRepository] Scanning /opt/graphdb/dist/lib/plugins/geosparql-plugin for plugins
[INFO ] 2022-12-12 08:39:56,988 [repository-manager-0 | c.o.t.s.i.PluginManager] Registering plugin GeoSPARQL
[INFO ] 2022-12-12 08:39:56,989 [repository-manager-0 | c.o.t.OwlimSchemaRepository] Scanning /opt/graphdb/dist/lib/plugins/tx-rollback-plugin for plugins
[INFO ] 2022-12-12 08:39:57,001 [repository-manager-0 | c.o.t.s.i.PluginManager] Registering plugin tx-rollback
[INFO ] 2022-12-12 08:39:57,002 [repository-manager-0 | c.o.t.OwlimSchemaRepository] Scanning /opt/graphdb/dist/lib/plugins/geospatial-plugin for plugins
[WARN ] 2022-12-12 08:39:57,332 [repository-manager-0 | o.e.r.q.a.e.f.FunctionRegistry] New service class com.ontotext.trree.query.functions.afn.old.Localname replaces existing service class org.eclipse.rdf4j.spin.function.Localname
[INFO ] 2022-12-12 08:39:57,400 [repository-manager-0 | c.o.t.p.g.FunctionLoader] Registered 1 functions from package com.ontotext.trree.plugin.geo.
[INFO ] 2022-12-12 08:39:57,404 [repository-manager-0 | c.o.t.s.i.PluginManager] Registering plugin geospatial
[INFO ] 2022-12-12 08:39:57,405 [repository-manager-0 | c.o.t.OwlimSchemaRepository] Scanning /opt/graphdb/dist/lib/plugins/lucene-connector for plugins
[INFO ] 2022-12-12 08:39:57,507 [repository-manager-0 | c.o.t.s.i.PluginManager] Registering plugin lucene-connector
[INFO ] 2022-12-12 08:39:57,508 [repository-manager-0 | c.o.t.s.i.PluginManager] Initializing plugins... (DEFAULT)
[INFO ] 2022-12-12 08:39:57,540 [repository-manager-0 | c.o.l.LicenseRegistry] License configuration: Embedded license
[INFO ] 2022-12-12 08:39:57,549 [repository-manager-0 | c.o.l.LicenseRegistry] License file: jar:file:/opt/graphdb/dist/lib/graphdb-runtime-10.1.2.jar!/GRAPHDB_LITE.license
[INFO ] 2022-12-12 08:39:57,558 [repository-manager-0 | c.o.l.LicenseRegistry] Product:                 GRAPHDB_LITE
[INFO ] 2022-12-12 08:39:57,558 [repository-manager-0 | c.o.l.LicenseRegistry] Capabilities:            [LUCENE_CONNECTOR]
[INFO ] 2022-12-12 08:39:57,559 [repository-manager-0 | c.o.l.LicenseRegistry] Usage restriction:       null
[INFO ] 2022-12-12 08:39:57,563 [repository-manager-0 | c.o.l.LicenseRegistry] Licensee:                Freeware
[INFO ] 2022-12-12 08:39:57,564 [repository-manager-0 | c.o.l.LicenseRegistry] Permitted use:           THE SOFTWARE IS PROVIDED "AS IS", WITHOUT WARRANTY OF ANY KIND, EXPRESS OR IMPLIED, INCLUDING BUT NOT LIMITED TO THE WARRANTIES OF MERCHANTABILITY, FITNESS FOR A PARTICULAR PURPOSE AND NONINFRINGEMENT. IN NO EVENT SHALL THE AUTHORS OR COPYRIGHT HOLDERS BE LIABLE FOR ANY CLAIM, DAMAGES OR OTHER LIABILITY, WHETHER IN AN ACTION OF CONTRACT, TORT OR OTHERWISE, ARISING FROM, OUT OF OR IN CONNECTION WITH THE SOFTWARE OR THE USE OR OTHER DEALINGS IN THE SOFTWARE.
[INFO ] 2022-12-12 08:39:57,564 [repository-manager-0 | c.o.l.LicenseRegistry] Version:                 10.1
[INFO ] 2022-12-12 08:39:57,565 [repository-manager-0 | c.o.l.LicenseRegistry] Expiry date:             none
[INFO ] 2022-12-12 08:39:57,568 [repository-manager-0 | c.o.l.LicenseRegistry] Latest publication date: none
[INFO ] 2022-12-12 08:39:57,569 [repository-manager-0 | c.o.l.LicenseRegistry] Max CPU cores:           1
[INFO ] 2022-12-12 08:39:57,577 [repository-manager-0 | c.o.c.AbstractParameter] Configured parameter 'nonInterpretablePredicates' to default value 'null'
[INFO ] 2022-12-12 08:39:57,615 [repository-manager-0 | c.o.t.s.i.PluginManager] Initializing plugin 'GeoSPARQL'
[INFO ] 2022-12-12 08:40:01,375 [repository-manager-0 | c.o.t.g.FunctionLoader] Registered 50 functions from package com.useekm.geosparql.
[INFO ] 2022-12-12 08:40:01,381 [repository-manager-0 | c.o.t.s.i.PluginManager] Initializing plugin 'autocomplete'
[INFO ] 2022-12-12 08:40:01,387 [repository-manager-0 | c.o.t.p.a.AutocompletePluginUtils] >>>>>>>> AutocompletePlugin: No configuration file found at /opt/graphdb/home/data/repositories/fdp/storage/autocomplete/v2/config.properties. Assuming default options for plugin.
[INFO ] 2022-12-12 08:40:01,402 [repository-manager-0 | c.o.t.s.i.PluginManager] Initializing plugin 'change-tracking'
[INFO ] 2022-12-12 08:40:01,511 [repository-manager-0 | c.o.t.s.i.PluginManager] Initializing plugin 'dependencies-plugin'
[INFO ] 2022-12-12 08:40:01,513 [repository-manager-0 | c.o.t.s.i.PluginManager] Initializing plugin 'direct'
[INFO ] 2022-12-12 08:40:01,516 [repository-manager-0 | c.o.t.s.i.PluginManager] Initializing plugin 'elasticsearch-connector'
[INFO ] 2022-12-12 08:40:01,552 [repository-manager-0 | c.o.t.s.i.PluginManager] Initializing plugin 'entity-change'
[INFO ] 2022-12-12 08:40:01,569 [repository-manager-0 | c.o.t.s.i.PluginManager] Initializing plugin 'expose-entity'
[INFO ] 2022-12-12 08:40:01,571 [repository-manager-0 | c.o.t.s.i.PluginManager] Initializing plugin 'geospatial'
[INFO ] 2022-12-12 08:40:01,573 [repository-manager-0 | c.o.t.p.g.GeoSpatialPlugin] Plugin:geospatial initialized
[INFO ] 2022-12-12 08:40:01,573 [repository-manager-0 | c.o.t.s.i.PluginManager] Initializing plugin 'history'
[INFO ] 2022-12-12 08:40:01,588 [repository-manager-0 | c.o.t.s.i.PluginManager] Initializing plugin 'kafka-connector'
[INFO ] 2022-12-12 08:40:01,617 [repository-manager-0 | c.o.t.s.i.PluginManager] Initializing plugin 'literals-index'
[INFO ] 2022-12-12 08:40:01,628 [repository-manager-0 | c.o.c.AbstractParameter] Configured parameter 'enable-fts-index' to default value 'false'
[INFO ] 2022-12-12 08:40:01,632 [repository-manager-0 | c.o.p.literals-index] Full-text search functionality is disabled
[WARN ] 2022-12-12 08:40:01,660 [repository-manager-0 | c.o.p.literals-index] Rebuilding literals indexes. Starting from id: 1
[WARN ] 2022-12-12 08:40:01,769 [repository-manager-0 | c.o.p.literals-index] Complete in 0.094, num entries indexed:0
[INFO ] 2022-12-12 08:40:01,770 [repository-manager-0 | c.o.t.s.i.PluginManager] Initializing plugin 'lucene-connector'
[INFO ] 2022-12-12 08:40:01,800 [repository-manager-0 | c.o.t.s.i.PluginManager] Initializing plugin 'magic-predicates'
[INFO ] 2022-12-12 08:40:01,801 [repository-manager-0 | c.o.t.s.i.PluginManager] Initializing plugin 'mongodb'
[INFO ] 2022-12-12 08:40:01,802 [repository-manager-0 | c.o.t.s.i.PluginManager] Initializing plugin 'notifications'
[INFO ] 2022-12-12 08:40:01,803 [repository-manager-0 | c.o.t.s.i.PluginManager] Initializing plugin 'notifications-logger'
[INFO ] 2022-12-12 08:40:01,805 [repository-manager-0 | c.o.t.s.i.PluginManager] Initializing plugin 'plugincontrol'
[INFO ] 2022-12-12 08:40:01,808 [repository-manager-0 | c.o.t.p.p.PluginControlPlugin] Plugin:plugincontrol initialized
[INFO ] 2022-12-12 08:40:01,809 [repository-manager-0 | c.o.t.s.i.PluginManager] Initializing plugin 'proof'
[INFO ] 2022-12-12 08:40:01,814 [repository-manager-0 | c.o.t.s.i.PluginManager] Initializing plugin 'rdfrank'
[INFO ] 2022-12-12 08:40:01,828 [repository-manager-0 | c.o.t.s.i.PluginManager] Initializing plugin 'script'
[INFO ] 2022-12-12 08:40:01,834 [repository-manager-0 | c.o.t.s.i.PluginManager] Initializing plugin 'sequences'
[INFO ] 2022-12-12 08:40:01,837 [repository-manager-0 | c.o.t.s.i.PluginManager] Initializing plugin 'similarity'
[INFO ] 2022-12-12 08:40:02,807 [repository-manager-0 | c.o.t.s.i.PluginManager] Initializing plugin 'solr-connector'
[INFO ] 2022-12-12 08:40:02,832 [repository-manager-0 | c.o.t.s.i.PluginManager] Initializing plugin 'sparql-mm'
[INFO ] 2022-12-12 08:40:03,006 [repository-manager-0 | c.o.g.s.FunctionLoader] Registered 58 functions from package com.github.tkurz.sparqlmm.function.
[INFO ] 2022-12-12 08:40:03,018 [repository-manager-0 | c.o.t.s.i.PluginManager] Initializing plugin 'sparql-template'
[INFO ] 2022-12-12 08:40:03,020 [repository-manager-0 | c.o.t.s.i.PluginManager] Initializing plugin 'text-mining'
[INFO ] 2022-12-12 08:40:03,022 [repository-manager-0 | c.o.t.s.i.PluginManager] Initializing plugin 'tx-rollback'
[INFO ] 2022-12-12 08:40:03,023 [repository-manager-0 | c.o.t.s.i.PluginManager] Initializing plugin 'utils'
[INFO ] 2022-12-12 08:40:04,255 [repository-manager-0 | c.o.t.s.i.PluginManager] Finished initializing plugins
[INFO ] 2022-12-12 08:40:04,257 [repository-manager-0 | c.o.c.AbstractParameter] Configured parameter 'graphdb.page.cache.size' to default value '992.0M'
[INFO ] 2022-12-12 08:40:04,404 [repository-manager-0 | c.o.c.AbstractParameter] Configured parameter 'do.resolve.entities' to default value 'true'
[INFO ] 2022-12-12 08:40:04,404 [repository-manager-0 | c.o.c.AbstractParameter] Configured parameter 'do.load.data' to default value 'true'
[INFO ] 2022-12-12 08:40:04,404 [repository-manager-0 | c.o.r.p.ParallelLoader] Data will be parsed + resolved + loaded.
[INFO ] 2022-12-12 08:40:04,405 [repository-manager-0 | c.o.c.AbstractParameter] Configured parameter 'graphdb.persistent.parallel.inferencers' to default value 'false'
[INFO ] 2022-12-12 08:40:04,579 [repository-manager-0 | c.o.r.p.ParallelLoader] Using 1 threads for inference
[INFO ] 2022-12-12 08:40:05,028 [repositories/fdp | o.e.r.h.s.r.t.TransactionStartController] POST transaction start
[INFO ] 2022-12-12 08:40:05,083 [rdf4j-transaction-0 | c.o.c.AbstractParameter] Configured parameter 'custom.validation.queries.file' to default value 'null'
[INFO ] 2022-12-12 08:40:05,216 [repositories/fdp | o.e.r.h.s.r.t.TransactionStartController] transaction started
[INFO ] 2022-12-12 08:40:05,411 [repositories/fdp | o.e.r.h.s.r.t.TransactionController] PUT txn operation
[INFO ] 2022-12-12 08:40:05,665 [repositories/fdp | o.e.r.h.s.r.t.TransactionController] PUT txn operation request finished.
[INFO ] 2022-12-12 08:40:05,749 [repositories/fdp | o.e.r.h.s.r.t.TransactionController] PUT txn operation
[INFO ] 2022-12-12 08:40:06,469 [repositories/fdp | o.e.r.h.s.r.t.TransactionController] PUT txn operation request finished.
[INFO ] 2022-12-12 08:40:06,697 [repositories/fdp | o.e.r.h.s.r.TupleQueryResultView] Request for query 3392903 is finished
[INFO ] 2022-12-12 08:40:06,993 [repositories/fdp | o.e.r.h.s.r.t.TransactionStartController] POST transaction start
[INFO ] 2022-12-12 08:40:06,998 [repositories/fdp | o.e.r.h.s.r.t.TransactionStartController] transaction started
[INFO ] 2022-12-12 08:40:07,033 [repositories/fdp | o.e.r.h.s.r.t.TransactionController] PUT txn operation
[INFO ] 2022-12-12 08:40:07,040 [repositories/fdp | o.e.r.h.s.r.t.TransactionController] PUT txn operation request finished.
[INFO ] 2022-12-12 08:40:07,057 [repositories/fdp | o.e.r.h.s.r.t.TransactionController] PUT txn operation
[INFO ] 2022-12-12 08:40:07,132 [rdf4j-transaction-0 | c.o.c.AbstractParameter] Configured parameter 'hash.join' to default value 'false'
[INFO ] 2022-12-12 08:40:07,139 [rdf4j-transaction-0 | c.o.c.AbstractParameter] Configured parameter 'merge.join' to default value 'false'
[INFO ] 2022-12-12 08:40:07,207 [repositories/fdp | o.e.r.h.s.r.t.TransactionController] PUT txn operation request finished.
[INFO ] 2022-12-12 08:40:07,290 [repositories/fdp | c.o.g.s.StatementsController] POST data to repository
[INFO ] 2022-12-12 08:40:07,477 [repositories/fdp | c.o.g.s.StatementsController] POST data to repository
[INFO ] 2022-12-12 08:40:07,611 [repositories/fdp | c.o.g.s.StatementsController] POST data to repository
[INFO ] 2022-12-12 08:40:07,798 [repositories/fdp | o.e.r.h.s.r.t.TransactionStartController] POST transaction start
[INFO ] 2022-12-12 08:40:07,811 [repositories/fdp | o.e.r.h.s.r.t.TransactionStartController] transaction started
[INFO ] 2022-12-12 08:40:07,845 [repositories/fdp | o.e.r.h.s.r.t.TransactionController] PUT txn operation
[INFO ] 2022-12-12 08:40:07,849 [repositories/fdp | o.e.r.h.s.r.t.TransactionController] PUT txn operation request finished.
[INFO ] 2022-12-12 08:40:07,877 [repositories/fdp | o.e.r.h.s.r.t.TransactionController] PUT txn operation
[INFO ] 2022-12-12 08:40:08,025 [repositories/fdp | o.e.r.h.s.r.t.TransactionController] PUT txn operation request finished.
[INFO ] 2022-12-12 08:43:43,185 [http-nio-7200-exec-6 | o.e.r.h.s.r.TupleQueryResultView] Request for query 3392903 is finished
[INFO ] 2022-12-12 08:44:31,036 [http-nio-7200-exec-7 | o.e.r.h.s.r.TupleQueryResultView] Request for query 3392903 is finished
[INFO ] 2022-12-12 08:44:38,124 [repositories/fdp | o.e.r.h.s.r.t.TransactionStartController] POST transaction start
[INFO ] 2022-12-12 08:44:38,133 [repositories/fdp | o.e.r.h.s.r.t.TransactionStartController] transaction started
[INFO ] 2022-12-12 08:44:38,216 [repositories/fdp | o.e.r.h.s.r.t.TransactionController] PUT txn operation
[INFO ] 2022-12-12 08:44:38,241 [repositories/fdp | o.e.r.h.s.r.t.TransactionController] PUT txn operation request finished.
[INFO ] 2022-12-12 08:44:38,267 [repositories/fdp | o.e.r.h.s.r.t.TransactionController] PUT txn operation
[INFO ] 2022-12-12 08:44:38,502 [repositories/fdp | o.e.r.h.s.r.t.TransactionController] PUT txn operation request finished.
[INFO ] 2022-12-12 08:44:38,616 [repositories/fdp | o.e.r.h.s.r.TupleQueryResultView] Request for query 3392903 is finished
[INFO ] 2022-12-12 08:44:38,809 [repositories/fdp | o.e.r.h.s.r.t.TransactionStartController] POST transaction start
[INFO ] 2022-12-12 08:44:38,832 [repositories/fdp | o.e.r.h.s.r.t.TransactionStartController] transaction started
[INFO ] 2022-12-12 08:44:38,865 [repositories/fdp | o.e.r.h.s.r.t.TransactionController] PUT txn operation
[INFO ] 2022-12-12 08:44:38,886 [repositories/fdp | o.e.r.h.s.r.t.TransactionController] PUT txn operation request finished.
[INFO ] 2022-12-12 08:44:38,916 [repositories/fdp | o.e.r.h.s.r.t.TransactionController] PUT txn operation
[INFO ] 2022-12-12 08:44:39,021 [repositories/fdp | o.e.r.h.s.r.t.TransactionController] PUT txn operation request finished.
[INFO ] 2022-12-12 08:44:39,147 [repositories/fdp | c.o.g.s.StatementsController] POST data to repository
[INFO ] 2022-12-12 08:44:39,341 [repositories/fdp | c.o.g.s.StatementsController] POST data to repository
[INFO ] 2022-12-12 08:44:39,512 [repositories/fdp | c.o.g.s.StatementsController] POST data to repository
[INFO ] 2022-12-12 08:44:39,683 [repositories/fdp | o.e.r.h.s.r.t.TransactionStartController] POST transaction start
[INFO ] 2022-12-12 08:44:39,720 [repositories/fdp | o.e.r.h.s.r.t.TransactionStartController] transaction started
[INFO ] 2022-12-12 08:44:39,743 [repositories/fdp | o.e.r.h.s.r.t.TransactionController] PUT txn operation
[INFO ] 2022-12-12 08:44:39,746 [repositories/fdp | o.e.r.h.s.r.t.TransactionController] PUT txn operation request finished.
[INFO ] 2022-12-12 08:44:39,766 [repositories/fdp | o.e.r.h.s.r.t.TransactionController] PUT txn operation
[INFO ] 2022-12-12 08:44:39,928 [repositories/fdp | o.e.r.h.s.r.t.TransactionController] PUT txn operation request finished.
[WARN ] 2022-12-12 08:45:50,882 [http-nio-7200-exec-5 | c.o.g.s.TokenManager] Auth token hash mismatch.
[WARN ] 2022-12-12 08:45:50,884 [http-nio-7200-exec-6 | c.o.g.s.TokenManager] Auth token hash mismatch.
[WARN ] 2022-12-12 08:45:50,886 [http-nio-7200-exec-7 | c.o.g.s.TokenManager] Auth token hash mismatch.
[WARN ] 2022-12-12 08:45:50,976 [http-nio-7200-exec-1 | c.o.g.s.TokenManager] Auth token hash mismatch.
[INFO ] 2022-12-12 08:45:55,860 [repositories/fdp | o.e.r.h.s.r.n.NamespacesController] GET namespace list
[INFO ] 2022-12-12 08:45:55,964 [repositories/fdp | o.e.r.h.s.r.TupleQueryResultView] Request for query 3392903 is finished
[INFO ] 2022-12-12 08:45:57,051 [repositories/fdp | o.e.r.h.s.r.n.NamespacesController] GET namespace list
[INFO ] 2022-12-12 08:45:57,063 [repositories/fdp | o.e.r.h.s.r.TupleQueryResultView] Request for query 3392903 is finished
[INFO ] 2022-12-12 08:45:57,561 [http-nio-7200-exec-6 | c.o.c.AbstractParameter] Configured parameter 'deduplicate.construct' to default value 'true'
[WARN ] 2022-12-12 08:45:57,756 [http-nio-7200-exec-9 | o.e.r.q.a.e.f.TupleFunctionRegistry] New service class com.ontotext.trree.query.functions.apf.old.StrSplitOld replaces existing service class org.eclipse.rdf4j.spin.function.apf.StrSplit
[WARN ] 2022-12-12 08:45:57,759 [http-nio-7200-exec-9 | o.e.r.q.a.e.f.TupleFunctionRegistry] New service class com.ontotext.trree.query.functions.apf.old.ConcatOld replaces existing service class org.eclipse.rdf4j.spin.function.apf.ConcatTupleFunction
[WARN ] 2022-12-12 08:45:57,774 [http-nio-7200-exec-9 | o.e.r.q.a.e.f.TupleFunctionRegistry] New service class com.ontotext.trree.query.functions.list.old.IndexOld replaces existing service class org.eclipse.rdf4j.spin.function.list.Index
[WARN ] 2022-12-12 08:45:57,779 [http-nio-7200-exec-9 | o.e.r.q.a.e.f.TupleFunctionRegistry] New service class com.ontotext.trree.query.functions.list.old.LengthOld replaces existing service class org.eclipse.rdf4j.spin.function.list.Length
[WARN ] 2022-12-12 08:45:57,790 [http-nio-7200-exec-9 | o.e.r.q.a.e.f.TupleFunctionRegistry] New service class com.ontotext.trree.query.functions.list.old.MemberOld replaces existing service class org.eclipse.rdf4j.spin.function.list.Member
[INFO ] 2022-12-12 08:45:57,910 [http-nio-7200-exec-9 | c.o.c.AbstractParameter] Configured parameter 'reuse.vars.in.subselects' to default value 'true'
[INFO ] 2022-12-12 08:45:57,985 [http-nio-7200-exec-6 | c.o.c.AbstractParameter] Configured parameter 'in-clause-max-members' to default value '16'
[INFO ] 2022-12-12 08:45:57,986 [http-nio-7200-exec-6 | c.o.c.AbstractParameter] Configured parameter 'query.convert.values.clause' to default value 'true'
[INFO ] 2022-12-12 08:46:20,258 [repositories/fdp | c.o.g.s.h.GraphDBQueryResultHandler] POST query 2019807964
[INFO ] 2022-12-12 08:46:20,294 [repositories/fdp | c.o.g.s.TupleQueryResultView] Request for query 2019807964 is finished
[INFO ] 2022-12-12 08:47:00,835 [Thread-3 | c.o.g.s.GraphDB] Stopping GraphDB.
[INFO ] 2022-12-12 08:47:01,000 [Thread-3 | c.o.f.c.s.SemanticDataManagement] Shutting down current semantic location
[INFO ] 2022-12-12 08:48:31,530 [main | c.o.g.Config] Using 'jar:file:/opt/graphdb/dist/lib/graphdb-application-common-10.1.0.jar!/com/ontotext/graphdb/logback.xml' as logback's configuration file
[INFO ] 2022-12-12 08:48:34,811 [main | c.o.g.s.GraphDB] Starting GraphDB in workbench mode.
[INFO ] 2022-12-12 08:49:23,538 [main | c.o.g.Config] GraphDB Home directory: /opt/graphdb/home
[INFO ] 2022-12-12 08:49:23,542 [main | c.o.g.Config] GraphDB Config directory: /opt/graphdb/home/conf
[INFO ] 2022-12-12 08:49:23,544 [main | c.o.g.Config] GraphDB Data directory: /opt/graphdb/home/data
[INFO ] 2022-12-12 08:49:23,546 [main | c.o.g.Config] GraphDB Work directory: /opt/graphdb/home/work
[INFO ] 2022-12-12 08:49:23,547 [main | c.o.g.Config] GraphDB Logs directory: /opt/graphdb/home/logs
[INFO ] 2022-12-12 08:49:28,108 [main | c.o.g.r.s.SecurityUtil] Cluster gRPC server security is disabled
[INFO ] 2022-12-12 08:49:29,292 [main | c.o.f.c.s.r.GraphDBRpcServer] Started gRPC server on port 7300 successfully
[INFO ] 2022-12-12 08:49:36,233 [main | c.o.g.s.GraphDB] Started GraphDB in workbench mode at port 7200.
[INFO ] 2022-12-12 08:49:39,019 [http-nio-7200-exec-1 | o.e.r.h.s.r.TupleQueryResultView] Request for query 3392903 is finished
[INFO ] 2022-12-12 08:54:01,313 [Thread-3 | c.o.g.s.GraphDB] Stopping GraphDB.
